{"C:\\Users\\hplsk\\OneDrive\\Рабочий стол\\code\\frontend-project-46\\src\\compare.js": {"path":"C:\\Users\\hplsk\\OneDrive\\Рабочий стол\\code\\frontend-project-46\\src\\compare.js","all":false,"statementMap":{"0":{"start":{"line":1,"column":0},"end":{"line":1,"column":20}},"1":{"start":{"line":2,"column":0},"end":{"line":2,"column":24}},"2":{"start":{"line":3,"column":0},"end":{"line":3,"column":23}},"3":{"start":{"line":4,"column":0},"end":{"line":4,"column":32}},"4":{"start":{"line":5,"column":0},"end":{"line":5,"column":0}},"5":{"start":{"line":6,"column":0},"end":{"line":6,"column":51}},"6":{"start":{"line":7,"column":0},"end":{"line":7,"column":7}},"7":{"start":{"line":8,"column":0},"end":{"line":8,"column":67}},"8":{"start":{"line":9,"column":0},"end":{"line":9,"column":67}},"9":{"start":{"line":10,"column":0},"end":{"line":10,"column":0}},"10":{"start":{"line":11,"column":0},"end":{"line":11,"column":72}},"11":{"start":{"line":12,"column":0},"end":{"line":12,"column":72}},"12":{"start":{"line":13,"column":0},"end":{"line":13,"column":0}},"13":{"start":{"line":14,"column":0},"end":{"line":14,"column":69}},"14":{"start":{"line":15,"column":0},"end":{"line":15,"column":78}},"15":{"start":{"line":16,"column":0},"end":{"line":16,"column":5}},"16":{"start":{"line":17,"column":0},"end":{"line":17,"column":0}},"17":{"start":{"line":18,"column":0},"end":{"line":18,"column":70}},"18":{"start":{"line":19,"column":0},"end":{"line":19,"column":74}},"19":{"start":{"line":20,"column":0},"end":{"line":20,"column":0}},"20":{"start":{"line":21,"column":0},"end":{"line":21,"column":47}},"21":{"start":{"line":22,"column":0},"end":{"line":22,"column":23}},"22":{"start":{"line":23,"column":0},"end":{"line":23,"column":39}},"23":{"start":{"line":24,"column":0},"end":{"line":24,"column":3}},"24":{"start":{"line":25,"column":0},"end":{"line":25,"column":1}},"25":{"start":{"line":26,"column":0},"end":{"line":26,"column":0}},"26":{"start":{"line":27,"column":0},"end":{"line":27,"column":55}},"27":{"start":{"line":28,"column":0},"end":{"line":28,"column":26}},"28":{"start":{"line":29,"column":0},"end":{"line":29,"column":0}},"29":{"start":{"line":30,"column":0},"end":{"line":30,"column":46}},"30":{"start":{"line":31,"column":0},"end":{"line":31,"column":35}},"31":{"start":{"line":32,"column":0},"end":{"line":32,"column":68}},"32":{"start":{"line":33,"column":0},"end":{"line":33,"column":5}},"33":{"start":{"line":34,"column":0},"end":{"line":34,"column":0}},"34":{"start":{"line":35,"column":0},"end":{"line":35,"column":34}},"35":{"start":{"line":36,"column":0},"end":{"line":36,"column":68}},"36":{"start":{"line":37,"column":0},"end":{"line":37,"column":5}},"37":{"start":{"line":38,"column":0},"end":{"line":38,"column":0}},"38":{"start":{"line":39,"column":0},"end":{"line":39,"column":35}},"39":{"start":{"line":40,"column":0},"end":{"line":40,"column":66}},"40":{"start":{"line":41,"column":0},"end":{"line":41,"column":5}},"41":{"start":{"line":42,"column":0},"end":{"line":42,"column":0}},"42":{"start":{"line":43,"column":0},"end":{"line":43,"column":34}},"43":{"start":{"line":44,"column":0},"end":{"line":44,"column":68}},"44":{"start":{"line":45,"column":0},"end":{"line":45,"column":68}},"45":{"start":{"line":46,"column":0},"end":{"line":46,"column":5}},"46":{"start":{"line":47,"column":0},"end":{"line":47,"column":3}},"47":{"start":{"line":48,"column":0},"end":{"line":48,"column":0}},"48":{"start":{"line":49,"column":0},"end":{"line":49,"column":22}},"49":{"start":{"line":50,"column":0},"end":{"line":50,"column":1}},"50":{"start":{"line":51,"column":0},"end":{"line":51,"column":0}},"51":{"start":{"line":52,"column":0},"end":{"line":52,"column":43}},"52":{"start":{"line":53,"column":0},"end":{"line":53,"column":18}},"53":{"start":{"line":54,"column":0},"end":{"line":54,"column":0}},"54":{"start":{"line":55,"column":0},"end":{"line":55,"column":38}},"55":{"start":{"line":56,"column":0},"end":{"line":56,"column":35}},"56":{"start":{"line":57,"column":0},"end":{"line":57,"column":36}},"57":{"start":{"line":58,"column":0},"end":{"line":58,"column":62}},"58":{"start":{"line":59,"column":0},"end":{"line":59,"column":14}},"59":{"start":{"line":60,"column":0},"end":{"line":60,"column":61}},"60":{"start":{"line":61,"column":0},"end":{"line":61,"column":7}},"61":{"start":{"line":62,"column":0},"end":{"line":62,"column":12}},"62":{"start":{"line":63,"column":0},"end":{"line":63,"column":60}},"63":{"start":{"line":64,"column":0},"end":{"line":64,"column":5}},"64":{"start":{"line":65,"column":0},"end":{"line":65,"column":5}},"65":{"start":{"line":66,"column":0},"end":{"line":66,"column":0}},"66":{"start":{"line":67,"column":0},"end":{"line":67,"column":38}},"67":{"start":{"line":68,"column":0},"end":{"line":68,"column":36}},"68":{"start":{"line":69,"column":0},"end":{"line":69,"column":59}},"69":{"start":{"line":70,"column":0},"end":{"line":70,"column":5}},"70":{"start":{"line":71,"column":0},"end":{"line":71,"column":5}},"71":{"start":{"line":72,"column":0},"end":{"line":72,"column":0}},"72":{"start":{"line":73,"column":0},"end":{"line":73,"column":44}},"73":{"start":{"line":74,"column":0},"end":{"line":74,"column":2}}},"s":{"0":1,"1":1,"2":1,"3":1,"4":1,"5":1,"6":4,"7":4,"8":4,"9":4,"10":4,"11":4,"12":4,"13":4,"14":1,"15":1,"16":2,"17":2,"18":2,"19":2,"20":2,"21":4,"22":1,"23":1,"24":4,"25":1,"26":2,"27":2,"28":2,"29":2,"30":10,"31":4,"32":4,"33":10,"34":10,"35":2,"36":2,"37":10,"38":10,"39":2,"40":2,"41":10,"42":10,"43":2,"44":2,"45":2,"46":10,"47":2,"48":2,"49":2,"50":1,"51":2,"52":2,"53":2,"54":2,"55":8,"56":4,"57":2,"58":2,"59":2,"60":2,"61":4,"62":4,"63":4,"64":2,"65":2,"66":2,"67":6,"68":2,"69":2,"70":2,"71":2,"72":2,"73":1},"branchMap":{"0":{"type":"branch","line":6,"loc":{"start":{"line":6,"column":15},"end":{"line":25,"column":1}},"locations":[{"start":{"line":6,"column":15},"end":{"line":25,"column":1}}]},"1":{"type":"branch","line":14,"loc":{"start":{"line":14,"column":35},"end":{"line":14,"column":66}},"locations":[{"start":{"line":14,"column":35},"end":{"line":14,"column":66}}]},"2":{"type":"branch","line":14,"loc":{"start":{"line":14,"column":68},"end":{"line":16,"column":5}},"locations":[{"start":{"line":14,"column":68},"end":{"line":16,"column":5}}]},"3":{"type":"branch","line":16,"loc":{"start":{"line":16,"column":4},"end":{"line":22,"column":4}},"locations":[{"start":{"line":16,"column":4},"end":{"line":22,"column":4}}]},"4":{"type":"branch","line":22,"loc":{"start":{"line":22,"column":4},"end":{"line":24,"column":3}},"locations":[{"start":{"line":22,"column":4},"end":{"line":24,"column":3}}]},"5":{"type":"branch","line":27,"loc":{"start":{"line":27,"column":0},"end":{"line":50,"column":1}},"locations":[{"start":{"line":27,"column":0},"end":{"line":50,"column":1}}]},"6":{"type":"branch","line":30,"loc":{"start":{"line":30,"column":45},"end":{"line":47,"column":3}},"locations":[{"start":{"line":30,"column":45},"end":{"line":47,"column":3}}]},"7":{"type":"branch","line":31,"loc":{"start":{"line":31,"column":34},"end":{"line":33,"column":5}},"locations":[{"start":{"line":31,"column":34},"end":{"line":33,"column":5}}]},"8":{"type":"branch","line":35,"loc":{"start":{"line":35,"column":33},"end":{"line":37,"column":5}},"locations":[{"start":{"line":35,"column":33},"end":{"line":37,"column":5}}]},"9":{"type":"branch","line":39,"loc":{"start":{"line":39,"column":34},"end":{"line":41,"column":5}},"locations":[{"start":{"line":39,"column":34},"end":{"line":41,"column":5}}]},"10":{"type":"branch","line":43,"loc":{"start":{"line":43,"column":33},"end":{"line":46,"column":5}},"locations":[{"start":{"line":43,"column":33},"end":{"line":46,"column":5}}]},"11":{"type":"branch","line":52,"loc":{"start":{"line":52,"column":0},"end":{"line":74,"column":1}},"locations":[{"start":{"line":52,"column":0},"end":{"line":74,"column":1}}]},"12":{"type":"branch","line":55,"loc":{"start":{"line":55,"column":29},"end":{"line":65,"column":3}},"locations":[{"start":{"line":55,"column":29},"end":{"line":65,"column":3}}]},"13":{"type":"branch","line":56,"loc":{"start":{"line":56,"column":34},"end":{"line":64,"column":5}},"locations":[{"start":{"line":56,"column":34},"end":{"line":64,"column":5}}]},"14":{"type":"branch","line":57,"loc":{"start":{"line":57,"column":35},"end":{"line":61,"column":7}},"locations":[{"start":{"line":57,"column":35},"end":{"line":61,"column":7}}]},"15":{"type":"branch","line":67,"loc":{"start":{"line":67,"column":29},"end":{"line":71,"column":3}},"locations":[{"start":{"line":67,"column":29},"end":{"line":71,"column":3}}]},"16":{"type":"branch","line":68,"loc":{"start":{"line":68,"column":35},"end":{"line":70,"column":5}},"locations":[{"start":{"line":68,"column":35},"end":{"line":70,"column":5}}]}},"b":{"0":[4],"1":[2],"2":[1],"3":[2],"4":[1],"5":[2],"6":[10],"7":[4],"8":[2],"9":[2],"10":[2],"11":[2],"12":[8],"13":[4],"14":[2],"15":[6],"16":[2]},"fnMap":{"0":{"name":"genDiff","decl":{"start":{"line":6,"column":15},"end":{"line":25,"column":1}},"loc":{"start":{"line":6,"column":15},"end":{"line":25,"column":1}},"line":6},"1":{"name":"iterSortedObject","decl":{"start":{"line":27,"column":0},"end":{"line":50,"column":1}},"loc":{"start":{"line":27,"column":0},"end":{"line":50,"column":1}},"line":27},"2":{"name":"compareAndSortObject","decl":{"start":{"line":52,"column":0},"end":{"line":74,"column":1}},"loc":{"start":{"line":52,"column":0},"end":{"line":74,"column":1}},"line":52}},"f":{"0":4,"1":2,"2":2}}
,"C:\\Users\\hplsk\\OneDrive\\Рабочий стол\\code\\frontend-project-46\\src\\parsers.js": {"path":"C:\\Users\\hplsk\\OneDrive\\Рабочий стол\\code\\frontend-project-46\\src\\parsers.js","all":false,"statementMap":{"0":{"start":{"line":1,"column":0},"end":{"line":1,"column":27}},"1":{"start":{"line":2,"column":0},"end":{"line":2,"column":0}},"2":{"start":{"line":3,"column":0},"end":{"line":3,"column":17}},"3":{"start":{"line":4,"column":0},"end":{"line":4,"column":19}},"4":{"start":{"line":5,"column":0},"end":{"line":5,"column":17}},"5":{"start":{"line":6,"column":0},"end":{"line":6,"column":18}},"6":{"start":{"line":7,"column":0},"end":{"line":7,"column":2}},"7":{"start":{"line":8,"column":0},"end":{"line":8,"column":0}},"8":{"start":{"line":9,"column":0},"end":{"line":9,"column":36}},"9":{"start":{"line":10,"column":0},"end":{"line":10,"column":34}},"10":{"start":{"line":11,"column":0},"end":{"line":11,"column":0}},"11":{"start":{"line":12,"column":0},"end":{"line":12,"column":44}},"12":{"start":{"line":13,"column":0},"end":{"line":13,"column":0}},"13":{"start":{"line":14,"column":0},"end":{"line":14,"column":21}},"14":{"start":{"line":15,"column":0},"end":{"line":15,"column":2}}},"s":{"0":1,"1":1,"2":1,"3":1,"4":1,"5":1,"6":1,"7":1,"8":1,"9":6,"10":6,"11":6,"12":4,"13":4,"14":4},"branchMap":{"0":{"type":"branch","line":9,"loc":{"start":{"line":9,"column":15},"end":{"line":15,"column":2}},"locations":[{"start":{"line":9,"column":15},"end":{"line":15,"column":2}}]},"1":{"type":"branch","line":12,"loc":{"start":{"line":12,"column":27},"end":{"line":12,"column":44}},"locations":[{"start":{"line":12,"column":27},"end":{"line":12,"column":44}}]},"2":{"type":"branch","line":12,"loc":{"start":{"line":12,"column":43},"end":{"line":15,"column":2}},"locations":[{"start":{"line":12,"column":43},"end":{"line":15,"column":2}}]}},"b":{"0":[6],"1":[2],"2":[4]},"fnMap":{"0":{"name":"default","decl":{"start":{"line":9,"column":15},"end":{"line":15,"column":2}},"loc":{"start":{"line":9,"column":15},"end":{"line":15,"column":2}},"line":9}},"f":{"0":6}}
}
