TN:
SF:bin\util.js
FN:5,iterSortedObject
FN:31,compareAndSortJSON
FNF:2
FNH:2
FNDA:1,iterSortedObject
FNDA:1,compareAndSortJSON
DA:1,1
DA:2,1
DA:3,1
DA:4,1
DA:5,1
DA:6,1
DA:7,1
DA:8,1
DA:9,5
DA:10,2
DA:11,2
DA:12,5
DA:13,5
DA:14,1
DA:15,1
DA:16,5
DA:17,5
DA:18,1
DA:19,1
DA:20,5
DA:21,5
DA:22,1
DA:23,1
DA:24,1
DA:25,5
DA:26,1
DA:27,1
DA:28,1
DA:29,1
DA:30,1
DA:31,1
DA:32,1
DA:33,1
DA:34,1
DA:35,4
DA:36,2
DA:37,1
DA:38,1
DA:39,1
DA:40,1
DA:41,2
DA:42,2
DA:43,2
DA:44,1
DA:45,1
DA:46,1
DA:47,3
DA:48,1
DA:49,1
DA:50,1
DA:51,1
DA:52,1
DA:53,1
LF:53
LH:53
BRDA:5,0,0,1
BRDA:8,1,0,5
BRDA:9,2,0,2
BRDA:13,3,0,1
BRDA:17,4,0,1
BRDA:21,5,0,1
BRDA:31,6,0,1
BRDA:34,7,0,4
BRDA:35,8,0,2
BRDA:36,9,0,1
BRDA:46,10,0,3
BRDA:47,11,0,1
BRF:12
BRH:12
end_of_record
TN:
SF:src\compareJson.js
FN:5,genDiff
FNF:1
FNH:1
FNDA:1,genDiff
DA:1,1
DA:2,1
DA:3,1
DA:4,1
DA:5,1
DA:6,1
DA:7,1
DA:8,1
DA:9,1
DA:10,1
DA:11,1
DA:12,1
DA:13,1
DA:14,1
DA:15,1
DA:16,1
DA:17,1
LF:17
LH:17
BRDA:5,0,0,1
BRF:1
BRH:1
end_of_record
