TN:
SF:src\compare.js
FN:6,genDiff
FN:27,iterSortedObject
FN:52,compareAndSortObject
FNF:3
FNH:3
FNDA:4,genDiff
FNDA:2,iterSortedObject
FNDA:2,compareAndSortObject
DA:1,1
DA:2,1
DA:3,1
DA:4,1
DA:5,1
DA:6,1
DA:7,4
DA:8,4
DA:9,4
DA:10,4
DA:11,4
DA:12,4
DA:13,4
DA:14,4
DA:15,1
DA:16,1
DA:17,2
DA:18,2
DA:19,2
DA:20,2
DA:21,2
DA:22,4
DA:23,1
DA:24,1
DA:25,4
DA:26,1
DA:27,2
DA:28,2
DA:29,2
DA:30,2
DA:31,10
DA:32,4
DA:33,4
DA:34,10
DA:35,10
DA:36,2
DA:37,2
DA:38,10
DA:39,10
DA:40,2
DA:41,2
DA:42,10
DA:43,10
DA:44,2
DA:45,2
DA:46,2
DA:47,10
DA:48,2
DA:49,2
DA:50,2
DA:51,1
DA:52,2
DA:53,2
DA:54,2
DA:55,2
DA:56,8
DA:57,4
DA:58,2
DA:59,2
DA:60,2
DA:61,2
DA:62,4
DA:63,4
DA:64,4
DA:65,2
DA:66,2
DA:67,2
DA:68,6
DA:69,2
DA:70,2
DA:71,2
DA:72,2
DA:73,2
DA:74,1
LF:74
LH:74
BRDA:6,0,0,4
BRDA:14,1,0,2
BRDA:14,2,0,1
BRDA:16,3,0,2
BRDA:22,4,0,1
BRDA:27,5,0,2
BRDA:30,6,0,10
BRDA:31,7,0,4
BRDA:35,8,0,2
BRDA:39,9,0,2
BRDA:43,10,0,2
BRDA:52,11,0,2
BRDA:55,12,0,8
BRDA:56,13,0,4
BRDA:57,14,0,2
BRDA:67,15,0,6
BRDA:68,16,0,2
BRF:17
BRH:17
end_of_record
TN:
SF:src\parsers.js
FN:9,default
FNF:1
FNH:1
FNDA:6,default
DA:1,1
DA:2,1
DA:3,1
DA:4,1
DA:5,1
DA:6,1
DA:7,1
DA:8,1
DA:9,1
DA:10,6
DA:11,6
DA:12,6
DA:13,4
DA:14,4
DA:15,4
LF:15
LH:15
BRDA:9,0,0,6
BRDA:12,1,0,2
BRDA:12,2,0,4
BRF:3
BRH:3
end_of_record
